Fri 15 Mar 2024 11:07:09 PM UTC: 
 exercises.c | 1 +
 1 file changed, 1 insertion(+)
 tests:  0|5
total_score: 0/70
93760cc
Fri 15 Mar 2024 11:07:34 PM UTC: 
 exercises.c | 1 +
 1 file changed, 1 insertion(+)
 tests:  0|5
total_score: 0/70
169387a
Fri 15 Mar 2024 11:59:52 PM UTC: 
 exercises.c | 5 +++--
 1 file changed, 3 insertions(+), 2 deletions(-)
In file included from test.c:5:
exercises.c: In function ‘crea_lista’:
exercises.c:46:8: error: unused variable ‘elementos’ [-Werror=unused-variable]
   46 |    int elementos = 9;
      |        ^~~~~~~~~
cc1: all warnings being treated as errors
Compilation failed
2036d75
Fri 15 Mar 2024 11:59:59 PM UTC: 
 exercises.c | 2 +-
 1 file changed, 1 insertion(+), 1 deletion(-)
 tests:  0|5
total_score: 0/70
2ba67ba
Sat 16 Mar 2024 12:00:27 AM UTC: 
 exercises.c | 2 +-
 1 file changed, 1 insertion(+), 1 deletion(-)
In file included from test.c:5:
exercises.c: In function ‘crea_lista’:
exercises.c:46:5: error: invalid use of incomplete typedef ‘List’
   46 |    L->data = 2;
      |     ^~
Compilation failed
261c24f
Sat 16 Mar 2024 12:00:33 AM UTC: 
 exercises.c | 2 +-
 1 file changed, 1 insertion(+), 1 deletion(-)
In file included from test.c:5:
exercises.c: In function ‘crea_lista’:
exercises.c:46:5: error: invalid use of incomplete typedef ‘List’
   46 |    L->data[0] = 2;
      |     ^~
Compilation failed
be8e139
Sat 16 Mar 2024 12:00:39 AM UTC: 
 exercises.c | 2 +-
 1 file changed, 1 insertion(+), 1 deletion(-)
In file included from test.c:5:
exercises.c: In function ‘crea_lista’:
exercises.c:46:5: error: ‘L’ is a pointer; did you mean to use ‘->’?
   46 |    L.data[0] = 2;
      |     ^
      |     ->
Compilation failed
10c669e
Sat 16 Mar 2024 12:00:54 AM UTC: 
 exercises.c | 4 ++--
 1 file changed, 2 insertions(+), 2 deletions(-)
In file included from test.c:5:
exercises.c: In function ‘crea_lista’:
exercises.c:46:8: error: invalid use of incomplete typedef ‘List’
   46 |   Lista->data[0] = 2;
      |        ^~
exercises.c:49:11: error: ‘L’ undeclared (first use in this function)
   49 |    return L;
      |           ^
exercises.c:49:11: note: each undeclared identifier is reported only once for each function it appears in
exercises.c:50:1: error: control reaches end of non-void function [-Werror=return-type]
   50 | }
      | ^
cc1: all warnings being treated as errors
Compilation failed
d90051e
Sat 16 Mar 2024 12:07:07 AM UTC: 
 exercises.c | 6 +++++-
 1 file changed, 5 insertions(+), 1 deletion(-)
In file included from test.c:5:
exercises.c: In function ‘crea_lista’:
exercises.c:49:10: error: invalid use of incomplete typedef ‘List’
   49 |     Lista->data[i] = &elemento;
      |          ^~
exercises.c:53:11: error: ‘L’ undeclared (first use in this function)
   53 |    return L;
      |           ^
exercises.c:53:11: note: each undeclared identifier is reported only once for each function it appears in
exercises.c:54:1: error: control reaches end of non-void function [-Werror=return-type]
   54 | }
      | ^
cc1: all warnings being treated as errors
Compilation failed
7f6ab89
Sat 16 Mar 2024 12:07:24 AM UTC: 
 exercises.c | 6 ++----
 1 file changed, 2 insertions(+), 4 deletions(-)
In file included from test.c:5:
exercises.c: In function ‘crea_lista’:
exercises.c:49:6: error: invalid use of incomplete typedef ‘List’
   49 |     L->data[i] = &elemento;
      |      ^~
Compilation failed
711d38d
Sat 16 Mar 2024 12:12:44 AM UTC: 
 exercises.c | 5 +++--
 1 file changed, 3 insertions(+), 2 deletions(-)
In file included from test.c:5:
exercises.c: In function ‘crea_lista’:
exercises.c:50:6: error: invalid use of incomplete typedef ‘List’
   50 |     L->data[i] = elemento;
      |      ^~
Compilation failed
59144a9
Sat 16 Mar 2024 12:17:35 AM UTC: 
 exercises.c | 2 +-
 1 file changed, 1 insertion(+), 1 deletion(-)
In file included from test.c:5:
exercises.c: In function ‘crea_lista’:
exercises.c:50:6: error: invalid use of incomplete typedef ‘List’
   50 |     L->data[i] = elemento;
      |      ^~
Compilation failed
420acc2
Sat 16 Mar 2024 12:18:47 AM UTC: 
 exercises.c | 2 +-
 1 file changed, 1 insertion(+), 1 deletion(-)
In file included from test.c:5:
exercises.c:9:10: fatal error: exercises.h: No such file or directory
    9 | #include "exercises.h"
      |          ^~~~~~~~~~~~~
compilation terminated.
Compilation failed
85ee26e
Sat 16 Mar 2024 12:18:54 AM UTC: 
 exercises.c | 2 +-
 1 file changed, 1 insertion(+), 1 deletion(-)
In file included from test.c:5:
exercises.c: In function ‘crea_lista’:
exercises.c:50:6: error: invalid use of incomplete typedef ‘List’
   50 |     L->data[i] = elemento;
      |      ^~
Compilation failed
5a84919
Sat 16 Mar 2024 12:22:00 AM UTC: 
 exercises.c | 8 ++++----
 1 file changed, 4 insertions(+), 4 deletions(-)
In file included from test.c:5:
exercises.c: In function ‘crea_lista’:
exercises.c:50:9: error: invalid use of incomplete typedef ‘List’
   50 |     list->data[i] = elemento;
      |         ^~
Compilation failed
bd526fd
Sat 16 Mar 2024 12:22:06 AM UTC: 
 exercises.c | 2 +-
 1 file changed, 1 insertion(+), 1 deletion(-)
In file included from test.c:5:
exercises.c: In function ‘crea_lista’:
exercises.c:50:9: error: invalid use of incomplete typedef ‘List’
   50 |     list->data[i] = elemento;
      |         ^~
Compilation failed
0708b3f
Sat 16 Mar 2024 12:22:59 AM UTC: 
 exercises.c | 12 +++++++++---
 1 file changed, 9 insertions(+), 3 deletions(-)
In file included from test.c:6:
arraylist.c:6:8: error: redefinition of ‘struct List’
    6 | struct List {
      |        ^~~~
In file included from test.c:5:
exercises.c:9:16: note: originally defined here
    9 | typedef struct List {
      |                ^~~~
Compilation failed
290df97
Sat 16 Mar 2024 12:23:30 AM UTC: 
 exercises.c | 4 ++--
 1 file changed, 2 insertions(+), 2 deletions(-)
In file included from test.c:6:
arraylist.c:6:8: error: redefinition of ‘struct List’
    6 | struct List {
      |        ^~~~
In file included from test.c:5:
exercises.c:9:8: note: originally defined here
    9 | struct List {
      |        ^~~~
Compilation failed
6c2fe1b
Sat 16 Mar 2024 12:24:24 AM UTC: 
 exercises.c | 10 +---------
 1 file changed, 1 insertion(+), 9 deletions(-)
In file included from test.c:5:
exercises.c: In function ‘crea_lista’:
exercises.c:48:6: error: invalid use of incomplete typedef ‘List’
   48 |     L->data[i] = (void *) malloc(sizeof(void));
      |      ^~
Compilation failed
b9558ef
Sat 16 Mar 2024 12:34:59 AM UTC: 
 exercises.c | 7 +++----
 1 file changed, 3 insertions(+), 4 deletions(-)
In file included from test.c:5:
exercises.c: In function ‘crea_lista’:
exercises.c:47:4: error: invalid use of incomplete typedef ‘List’
   47 |   L->size = 100;
      |    ^~
Compilation failed
750ccbe
Sat 16 Mar 2024 12:36:05 AM UTC: 
 exercises.c | 2 +-
 1 file changed, 1 insertion(+), 1 deletion(-)
In file included from test.c:5:
exercises.c: In function ‘crea_lista’:
exercises.c:47:4: error: invalid use of incomplete typedef ‘List’
   47 |   L->data[0] = malloc(sizeof(int));
      |    ^~
Compilation failed
288fcca
Sat 16 Mar 2024 12:55:50 AM UTC: 
 exercises.c | 6 +++---
 1 file changed, 3 insertions(+), 3 deletions(-)
In file included from test.c:5:
exercises.c: In function ‘crea_lista’:
exercises.c:45:13: error: initialization of ‘List *’ from incompatible pointer type ‘List * (*)()’ [-Werror=incompatible-pointer-types]
   45 |   List* L = create_list;
      |             ^~~~~~~~~~~
exercises.c:47:5: error: implicit declaration of function ‘pushfront’; did you mean ‘pushFront’? [-Werror=implicit-function-declaration]
   47 |     pushfront(L, &i);
      |     ^~~~~~~~~
      |     pushFront
cc1: all warnings being treated as errors
Compilation failed
1cca44e
Sat 16 Mar 2024 12:55:58 AM UTC: 
 exercises.c | 2 +-
 1 file changed, 1 insertion(+), 1 deletion(-)
In file included from test.c:5:
exercises.c: In function ‘crea_lista’:
exercises.c:47:5: error: implicit declaration of function ‘pushfront’; did you mean ‘pushFront’? [-Werror=implicit-function-declaration]
   47 |     pushfront(L, &i);
      |     ^~~~~~~~~
      |     pushFront
cc1: all warnings being treated as errors
Compilation failed
49a3c55
Sat 16 Mar 2024 12:56:05 AM UTC: 
 exercises.c | 2 +-
 1 file changed, 1 insertion(+), 1 deletion(-)
 tests:  0|5
total_score: 0/70
74eb896
Sat 16 Mar 2024 12:56:36 AM UTC: 
 exercises.c | 3 ++-
 1 file changed, 2 insertions(+), 1 deletion(-)
In file included from test.c:5:
exercises.c: In function ‘crea_lista’:
exercises.c:47:5: error: expected expression before ‘int’
   47 |     int elemento = i;
      |     ^~~
exercises.c:46:3: error: this ‘for’ clause does not guard... [-Werror=misleading-indentation]
   46 |   for(int i = 0 ; i < 10 ; i++)
      |   ^~~
exercises.c:48:5: note: ...this statement, but the latter is misleadingly indented as if it were guarded by the ‘for’
   48 |     pushFront(L, &elemento);
      |     ^~~~~~~~~
exercises.c:48:19: error: ‘elemento’ undeclared (first use in this function)
   48 |     pushFront(L, &elemento);
      |                   ^~~~~~~~
exercises.c:48:19: note: each undeclared identifier is reported only once for each function it appears in
cc1: all warnings being treated as errors
Compilation failed
4844910
Sat 16 Mar 2024 12:56:56 AM UTC: 
 exercises.c | 2 ++
 1 file changed, 2 insertions(+)
 tests:  0|5
total_score: 0/70
1f94c01
Sat 16 Mar 2024 12:57:25 AM UTC: 
 exercises.c | 3 ++-
 1 file changed, 2 insertions(+), 1 deletion(-)
In file included from test.c:5:
exercises.c: In function ‘crea_lista’:
exercises.c:49:14: error: assignment to ‘int *’ from ‘int’ makes pointer from integer without a cast [-Werror=int-conversion]
   49 |     elemento = i;
      |              ^
cc1: all warnings being treated as errors
Compilation failed
9bc7fa5
Sat 16 Mar 2024 12:57:31 AM UTC: 
 exercises.c | 2 +-
 1 file changed, 1 insertion(+), 1 deletion(-)
 tests:  0|5
total_score: 0/70
54465e4
Sat 16 Mar 2024 12:57:40 AM UTC: 
 exercises.c | 2 +-
 1 file changed, 1 insertion(+), 1 deletion(-)
 tests:  1|4
total_score: 10/70
2a2cabf
Sat 16 Mar 2024 12:58:01 AM UTC: 
 exercises.c | 2 +-
 1 file changed, 1 insertion(+), 1 deletion(-)
 tests:  0|5
total_score: 0/70
1912127
Sat 16 Mar 2024 12:58:17 AM UTC: 
 exercises.c | 2 +-
 1 file changed, 1 insertion(+), 1 deletion(-)
 tests:  0|5
total_score: 0/70
a531951
Sat 16 Mar 2024 12:58:54 AM UTC: 
 exercises.c | 4 ++--
 1 file changed, 2 insertions(+), 2 deletions(-)
 tests:  1|4
total_score: 10/70
c683b89
Sat 16 Mar 2024 12:59:36 AM UTC: 
 exercises.c | 5 +++--
 1 file changed, 3 insertions(+), 2 deletions(-)
 tests:  0|5
total_score: 0/70
501a5b5
Sat 16 Mar 2024 12:59:43 AM UTC: 
 exercises.c | 2 +-
 1 file changed, 1 insertion(+), 1 deletion(-)
 tests:  1|4
total_score: 10/70
2a0491c
Sat 16 Mar 2024 01:09:15 AM UTC: 
 exercises.c | 8 +++++++-
 1 file changed, 7 insertions(+), 1 deletion(-)
 tests:  1|4
total_score: 10/70
5ebd854
Sat 16 Mar 2024 01:09:41 AM UTC: 
 exercises.c | 3 +++
 1 file changed, 3 insertions(+)
 tests:  2|3
total_score: 20/70
0992bca
Sat 16 Mar 2024 01:15:41 AM UTC: 
 exercises.c | 12 ++++++++++--
 1 file changed, 10 insertions(+), 2 deletions(-)
 tests:  3|2
total_score: 40/70
8118873
Sat 16 Mar 2024 01:18:55 AM UTC: 
 exercises.c | 10 +++++++++-
 1 file changed, 9 insertions(+), 1 deletion(-)
In file included from test.c:5:
exercises.c: In function ‘copia_pila’:
exercises.c:104:23: error: ‘L’ undeclared (first use in this function)
  104 |   int size = get_size(L);
      |                       ^
exercises.c:104:23: note: each undeclared identifier is reported only once for each function it appears in
Compilation failed
4a4f3eb
Sat 16 Mar 2024 01:19:17 AM UTC: 
 exercises.c | 6 +++---
 1 file changed, 3 insertions(+), 3 deletions(-)
 tests:  4|1
total_score: 50/70
63020b7
Sat 16 Mar 2024 01:21:21 AM UTC: 
 exercises.c | 1 +
 1 file changed, 1 insertion(+)
 tests:  4|1
total_score: 50/70
eb00711
Sat 16 Mar 2024 01:21:34 AM UTC: 
 exercises.c | 2 +-
 1 file changed, 1 insertion(+), 1 deletion(-)
 tests:  4|1
total_score: 50/70
9f2a8bb
Sat 16 Mar 2024 01:23:33 AM UTC: 
 exercises.c | 15 ++++++++++++++-
 1 file changed, 14 insertions(+), 1 deletion(-)
 tests:  7|1
total_score: 60/70
f592384
Sat 16 Mar 2024 01:27:20 AM UTC: 
 exercises.c | 6 ++++--
 1 file changed, 4 insertions(+), 2 deletions(-)
In file included from test.c:5:
exercises.c: In function ‘parentesisBalanceados’:
exercises.c:129:26: error: ‘cedena’ undeclared (first use in this function); did you mean ‘cadena’?
  129 |     else if(strchr(der, *cedena) != NULL)
      |                          ^~~~~~
      |                          cadena
exercises.c:129:26: note: each undeclared identifier is reported only once for each function it appears in
Compilation failed
a5a7622
Sat 16 Mar 2024 01:27:25 AM UTC: 
 exercises.c | 2 +-
 1 file changed, 1 insertion(+), 1 deletion(-)
 tests:  4|1
total_score: 50/70
71e27cb
Sat 16 Mar 2024 01:28:33 AM UTC: 
 exercises.c | 4 ++--
 1 file changed, 2 insertions(+), 2 deletions(-)
 tests:  4|1
total_score: 50/70
2702db6
Sat 16 Mar 2024 01:29:15 AM UTC: 
 exercises.c | 4 ++--
 1 file changed, 2 insertions(+), 2 deletions(-)
 tests:  7|1
total_score: 60/70
cbde351
Sat 16 Mar 2024 01:47:49 AM UTC: 
 exercises.c | 27 ++++++++++++---------------
 1 file changed, 12 insertions(+), 15 deletions(-)
In file included from test.c:5:
exercises.c: In function ‘parentesisBalanceados’:
exercises.c:135:1: error: control reaches end of non-void function [-Werror=return-type]
  135 | }
      | ^
cc1: all warnings being treated as errors
Compilation failed
307373d
Sat 16 Mar 2024 01:49:22 AM UTC: 
 exercises.c | 10 +++++++---
 1 file changed, 7 insertions(+), 3 deletions(-)
 tests:  5|1
total_score: 50/70
413c443
Sat 16 Mar 2024 01:49:35 AM UTC: 
 exercises.c | 4 +---
 1 file changed, 1 insertion(+), 3 deletions(-)
 tests:  5|1
total_score: 50/70
c7eddde
Sat 16 Mar 2024 01:49:54 AM UTC: 
 exercises.c | 2 +-
 1 file changed, 1 insertion(+), 1 deletion(-)
 tests:  5|1
total_score: 50/70
43b81be
Sat 16 Mar 2024 01:50:53 AM UTC: 
 exercises.c | 1 +
 1 file changed, 1 insertion(+)
 tests:  7|1
total_score: 60/70
32072df
Sat 16 Mar 2024 01:54:00 AM UTC: 
 exercises.c | 9 ++++++++-
 1 file changed, 8 insertions(+), 1 deletion(-)
 tests:  4|1
total_score: 50/70
a0fe910
Sat 16 Mar 2024 01:56:19 AM UTC: 
 exercises.c | 17 ++++++++++++-----
 1 file changed, 12 insertions(+), 5 deletions(-)
 tests:  4|1
total_score: 50/70
5296f81
Sat 16 Mar 2024 01:57:03 AM UTC: 
 exercises.c | 1 +
 1 file changed, 1 insertion(+)
 tests:  4|1
total_score: 50/70
bfd4a13
Sat 16 Mar 2024 01:57:33 AM UTC: 
 exercises.c | 2 +-
 1 file changed, 1 insertion(+), 1 deletion(-)
 tests:  4|1
total_score: 50/70
7953a06
Sat 16 Mar 2024 01:57:52 AM UTC: 
 exercises.c | 2 +-
 1 file changed, 1 insertion(+), 1 deletion(-)
 tests:  4|1
total_score: 50/70
f528de5
Sat 16 Mar 2024 01:58:11 AM UTC: 
 exercises.c | 6 +++---
 1 file changed, 3 insertions(+), 3 deletions(-)
In file included from test.c:5:
exercises.c: In function ‘parentesisBalanceados’:
exercises.c:148:34: error: ‘upuesto’ undeclared (first use in this function); did you mean ‘opuesto’?
  148 |     printf("%c y %c", cadena[i], upuesto);
      |                                  ^~~~~~~
      |                                  opuesto
exercises.c:148:34: note: each undeclared identifier is reported only once for each function it appears in
exercises.c:147:10: error: unused variable ‘opuesto’ [-Werror=unused-variable]
  147 |     char opuesto = obtenerOpuesto(cadena[tam-i-1]);
      |          ^~~~~~~
cc1: all warnings being treated as errors
Compilation failed
49337ad
Sat 16 Mar 2024 01:58:15 AM UTC: 
 exercises.c | 2 +-
 1 file changed, 1 insertion(+), 1 deletion(-)
 tests:  0|1
total_score: 60/70
4e08465
Sat 16 Mar 2024 01:59:32 AM UTC: 
 exercises.c | 3 ++-
 1 file changed, 2 insertions(+), 1 deletion(-)
In file included from test.c:5:
exercises.c: In function ‘parentesisBalanceados’:
exercises.c:148:10: error: unused variable ‘opuesto’ [-Werror=unused-variable]
  148 |     char opuesto = obtenerOpuesto(cadena[tam-i-1]);
      |          ^~~~~~~
cc1: all warnings being treated as errors
Compilation failed
949f11c
Sat 16 Mar 2024 01:59:40 AM UTC: 
 exercises.c | 2 +-
 1 file changed, 1 insertion(+), 1 deletion(-)
 tests:  7|1
total_score: 60/70
39860b9
Sat 16 Mar 2024 02:00:15 AM UTC: 
 exercises.c | 16 +++++++---------
 1 file changed, 7 insertions(+), 9 deletions(-)
 tests:  9|0
total_score: 70/70
34e15b4
Sat 16 Mar 2024 02:03:10 AM UTC: 
 exercises.c | 3 ++-
 1 file changed, 2 insertions(+), 1 deletion(-)
 tests:  9|0
total_score: 70/70
812e43d
Sat 16 Mar 2024 02:29:02 AM UTC: 
 exercises.c | 1 +
 1 file changed, 1 insertion(+)
 tests:  9|0
total_score: 70/70
e6d177d
Sat 16 Mar 2024 04:06:00 PM UTC: 
 exercises.c | 2 +-
 1 file changed, 1 insertion(+), 1 deletion(-)
 tests:  8|1
total_score: 60/70
355f5ca
Sat 16 Mar 2024 04:06:35 PM UTC: 
 exercises.c | 2 +-
 1 file changed, 1 insertion(+), 1 deletion(-)
 tests:  8|1
total_score: 60/70
2456389
Sat 16 Mar 2024 04:07:11 PM UTC: 
 exercises.c | 4 ++--
 1 file changed, 2 insertions(+), 2 deletions(-)
 tests:  9|0
total_score: 70/70
0f8fe28
Sat 16 Mar 2024 04:10:14 PM UTC: 
 exercises.c | 13 +++++++++----
 1 file changed, 9 insertions(+), 4 deletions(-)
 tests:  0|0
162e96f
Sat 16 Mar 2024 04:10:37 PM UTC: 
 exercises.c | 1 +
 1 file changed, 1 insertion(+)
 tests:  8|1
total_score: 60/70
57129f3
Sat 16 Mar 2024 04:12:10 PM UTC: 
 exercises.c | 9 +++++++++
 1 file changed, 9 insertions(+)
 tests:  8|1
total_score: 60/70
ec4ccbf
Sat 16 Mar 2024 04:12:54 PM UTC: 
 exercises.c | 3 +--
 1 file changed, 1 insertion(+), 2 deletions(-)
 tests:  9|0
total_score: 70/70
fd72c8e
Sat 16 Mar 2024 04:14:30 PM UTC: 
 exercises.c | 10 ++--------
 1 file changed, 2 insertions(+), 8 deletions(-)
 tests:  9|0
total_score: 70/70
3fef5c8
Sat 16 Mar 2024 04:37:33 PM UTC: 
 exercises.c | 12 ++++++++++--
 1 file changed, 10 insertions(+), 2 deletions(-)
In file included from test.c:5:
exercises.c: In function ‘parentesisBalanceados’:
exercises.c:158:31: error: expected ‘)’ before ‘;’ token
  158 |     push(pInvertida, (*cadena);
      |         ~                     ^
      |                               )
exercises.c:158:23: error: passing argument 2 of ‘push’ makes pointer from integer without a cast [-Werror=int-conversion]
  158 |     push(pInvertida, (*cadena);
      |                      ~^~~~~~~~
      |                       |
      |                       char
In file included from exercises.c:7,
                 from test.c:5:
stack.h:11:31: note: expected ‘void *’ but argument is of type ‘char’
   11 | void push(Stack *stack, void *data) { pushFront(stack, data); }
      |                         ~~~~~~^~~~
In file included from test.c:5:
exercises.c:159:14: error: expected ‘;’ before ‘}’ token
  159 |     cadena++;
      |              ^
      |              ;
  160 |   }
      |   ~           
exercises.c:173:1: error: control reaches end of non-void function [-Werror=return-type]
  173 | }
      | ^
cc1: all warnings being treated as errors
Compilation failed
d16f15f
Sat 16 Mar 2024 04:39:26 PM UTC: 
 exercises.c | 2 +-
 1 file changed, 1 insertion(+), 1 deletion(-)
In file included from test.c:5:
exercises.c: In function ‘parentesisBalanceados’:
exercises.c:173:1: error: control reaches end of non-void function [-Werror=return-type]
  173 | }
      | ^
cc1: all warnings being treated as errors
Compilation failed
44c0a07
Sat 16 Mar 2024 04:39:39 PM UTC: 
 exercises.c | 1 +
 1 file changed, 1 insertion(+)
 tests:  5|1
total_score: 50/70
33af0c2
Sat 16 Mar 2024 04:41:50 PM UTC: 
 exercises.c | 3 +++
 1 file changed, 3 insertions(+)
In file included from test.c:5:
exercises.c: In function ‘parentesisBalanceados’:
exercises.c:157:8: error: unused variable ‘caracter’ [-Werror=unused-variable]
  157 |   char caracter;
      |        ^~~~~~~~
cc1: all warnings being treated as errors
Compilation failed
701b9f0
Sat 16 Mar 2024 04:41:59 PM UTC: 
 exercises.c | 2 +-
 1 file changed, 1 insertion(+), 1 deletion(-)
 tests:  5|1
total_score: 50/70
44ec5b4
Sat 16 Mar 2024 04:45:44 PM UTC: 
 exercises.c | 17 ++++++++++++++++-
 1 file changed, 16 insertions(+), 1 deletion(-)
 tests:  5|1
total_score: 50/70
b3fa6a2
Sat 16 Mar 2024 04:51:07 PM UTC: 
 exercises.c | 10 +++++++++-
 1 file changed, 9 insertions(+), 1 deletion(-)
 tests:  4|1
total_score: 50/70
5c2f9b3
Sat 16 Mar 2024 04:51:32 PM UTC: 
 exercises.c | 2 ++
 1 file changed, 2 insertions(+)
 tests:  4|1
total_score: 50/70
699e63e
Sat 16 Mar 2024 04:52:48 PM UTC: 
 exercises.c | 43 ++++++-------------------------------------
 1 file changed, 6 insertions(+), 37 deletions(-)
 tests:  5|1
total_score: 50/70
0367e9b
Sat 16 Mar 2024 04:54:09 PM UTC: 
 exercises.c | 3 ++-
 1 file changed, 2 insertions(+), 1 deletion(-)
In file included from test.c:5:
exercises.c: In function ‘parentesisBalanceados’:
exercises.c:168:22: error: unknown escape sequence: '\N' [-Werror]
  168 |   printf("COMIENZO\N");
      |                      ^
cc1: all warnings being treated as errors
Compilation failed
b97dae7
Sat 16 Mar 2024 04:54:17 PM UTC: 
 exercises.c | 2 +-
 1 file changed, 1 insertion(+), 1 deletion(-)
 tests:  5|1
total_score: 50/70
8c45e51
Sat 16 Mar 2024 04:55:19 PM UTC: 
 exercises.c | 5 ++---
 1 file changed, 2 insertions(+), 3 deletions(-)
 tests:  5|1
total_score: 50/70
cffc80a
Sat 16 Mar 2024 04:55:46 PM UTC: 
 exercises.c | 2 +-
 1 file changed, 1 insertion(+), 1 deletion(-)
 tests:  5|1
total_score: 50/70
253dd0a
Sat 16 Mar 2024 04:55:53 PM UTC: 
 exercises.c | 2 +-
 1 file changed, 1 insertion(+), 1 deletion(-)
 tests:  5|1
total_score: 50/70
c71f675
Sat 16 Mar 2024 04:56:57 PM UTC: 
 exercises.c | 4 +---
 1 file changed, 1 insertion(+), 3 deletions(-)
 tests:  5|1
total_score: 50/70
abe4c03
Sat 16 Mar 2024 04:57:17 PM UTC: 
 exercises.c | 2 +-
 1 file changed, 1 insertion(+), 1 deletion(-)
 tests:  5|1
total_score: 50/70
8e6a83c
Sat 16 Mar 2024 04:59:03 PM UTC: 
 exercises.c | 9 +++++----
 1 file changed, 5 insertions(+), 4 deletions(-)
In file included from test.c:5:
exercises.c: In function ‘parentesisBalanceados’:
exercises.c:168:45: error: ‘pNormal’ undeclared (first use in this function)
  168 |   printf("EL PRIMER ES :%c 0", *(char *)top(pNormal));
      |                                             ^~~~~~~
exercises.c:168:45: note: each undeclared identifier is reported only once for each function it appears in
Compilation failed
0a3cfaa
Sat 16 Mar 2024 04:59:10 PM UTC: 
 exercises.c | 2 +-
 1 file changed, 1 insertion(+), 1 deletion(-)
 tests:  5|1
total_score: 50/70
5c53a98
Sat 16 Mar 2024 05:02:09 PM UTC: 
 exercises.c | 17 +++++++++++++----
 1 file changed, 13 insertions(+), 4 deletions(-)
 tests:  5|1
total_score: 50/70
9a27f81
Sat 16 Mar 2024 05:02:17 PM UTC: 
 exercises.c | 2 +-
 1 file changed, 1 insertion(+), 1 deletion(-)
 tests:  5|1
total_score: 50/70
2d32c13
Sat 16 Mar 2024 05:06:36 PM UTC: 
 exercises.c | 15 +++++++++++++++
 1 file changed, 15 insertions(+)
 tests:  4|1
total_score: 50/70
5c18ba5
Sat 16 Mar 2024 05:06:57 PM UTC: 
 exercises.c | 3 ++-
 1 file changed, 2 insertions(+), 1 deletion(-)
 tests:  4|1
total_score: 50/70
9e41847
Sat 16 Mar 2024 05:07:49 PM UTC: 
 exercises.c | 9 ++++-----
 1 file changed, 4 insertions(+), 5 deletions(-)
 tests:  4|1
total_score: 50/70
8bd5848
Sat 16 Mar 2024 05:09:51 PM UTC: 
 exercises.c | 5 ++++-
 1 file changed, 4 insertions(+), 1 deletion(-)
 tests:  4|1
total_score: 50/70
4dd7045
Sat 16 Mar 2024 05:10:25 PM UTC: 
 exercises.c | 25 ++-----------------------
 1 file changed, 2 insertions(+), 23 deletions(-)
 tests:  4|1
total_score: 50/70
6c89510
Sat 16 Mar 2024 05:11:44 PM UTC: 
 exercises.c | 6 +++---
 1 file changed, 3 insertions(+), 3 deletions(-)
 tests:  4|1
total_score: 50/70
af14bac
Sat 16 Mar 2024 05:11:58 PM UTC: 
 exercises.c | 4 +---
 1 file changed, 1 insertion(+), 3 deletions(-)
 tests:  4|1
total_score: 50/70
49ea49f
Sat 16 Mar 2024 05:12:03 PM UTC: 
 exercises.c | 2 +-
 1 file changed, 1 insertion(+), 1 deletion(-)
 tests:  5|1
total_score: 50/70
f4611c4
Sat 16 Mar 2024 05:12:23 PM UTC: 
 exercises.c | 6 ++++--
 1 file changed, 4 insertions(+), 2 deletions(-)
 tests:  4|1
total_score: 50/70
fefe718
